<?xml version="1.0" encoding="UTF-8"?>
<testng-results skipped="0" failed="0" total="1" passed="1">
  <reporter-output>
  </reporter-output>
  <suite name="in4Suitemain" duration-ms="113666" started-at="2019-05-28T09:41:55Z" finished-at="2019-05-28T09:43:49Z">
    <groups>
    </groups>
    <test name="Testing" duration-ms="113666" started-at="2019-05-28T09:41:55Z" finished-at="2019-05-28T09:43:49Z">
      <class name="driver.DriverScript">
        <test-method status="PASS" signature="loadClassFiles()[pri:0, instance:driver.DriverScript@50a7bc6e]" name="loadClassFiles" is-config="true" duration-ms="69" started-at="2019-05-28T15:11:55Z" finished-at="2019-05-28T15:11:55Z">
          <reporter-output>
          </reporter-output>
        </test-method> <!-- loadClassFiles -->
        <test-method status="PASS" signature="runTset(java.lang.String)[pri:0, instance:driver.DriverScript@50a7bc6e]" name="runTset" duration-ms="113666" started-at="2019-05-28T15:11:55Z" finished-at="2019-05-28T15:13:49Z">
          <params>
            <param index="0">
              <value>
                <![CDATA[chrome]]>
              </value>
            </param>
          </params>
          <reporter-output>
          </reporter-output>
        </test-method> <!-- runTset -->
        <test-method status="PASS" signature="preRequisite()[pri:0, instance:driver.DriverScript@50a7bc6e]" name="preRequisite" is-config="true" duration-ms="0" started-at="2019-05-28T15:11:55Z" finished-at="2019-05-28T15:11:55Z">
          <reporter-output>
          </reporter-output>
        </test-method> <!-- preRequisite -->
        <test-method status="PASS" signature="endTest()[pri:0, instance:driver.DriverScript@50a7bc6e]" name="endTest" is-config="true" duration-ms="0" started-at="2019-05-28T15:13:49Z" finished-at="2019-05-28T15:13:49Z">
          <reporter-output>
          </reporter-output>
        </test-method> <!-- endTest -->
      </class> <!-- driver.DriverScript -->
    </test> <!-- Testing -->
  </suite> <!-- in4Suitemain -->
</testng-results>
