<?xml version="1.0" encoding="UTF-8"?>
<!-- Generated by org.testng.reporters.JUnitXMLReporter -->
<testsuite hostname="IN4-C51" name="testing" tests="2" failures="1" timestamp="28 May 2019 09:43:39 GMT" time="98.21" errors="0">
  <testcase name="loginTest" time="3.328" classname="testScripts.Login"/>
  <testcase name="CreateCompany" time="94.714" classname="com.in4qa.FINANCE.Tests.Configure_CompanyDetailsTests">
    <failure type="java.lang.AssertionError" message="expected [true] but found [false]">
      <![CDATA[java.lang.AssertionError: expected [true] but found [false]
	at com.in4qa.FINANCE.Tests.Configure_CompanyDetailsTests.CreateCompany(Configure_CompanyDetailsTests.java:35)
	at methods.XMLUtility.autoRunXml(XMLUtility.java:148)
	at driver.DriverScript.runTset(DriverScript.java:120)
... Removed 49 stack frames]]>
    </failure>
  </testcase> <!-- CreateCompany -->
</testsuite> <!-- testing -->
