<?xml version="1.0" encoding="UTF-8"?>
<!-- Generated by org.testng.reporters.JUnitXMLReporter -->
<testsuite hostname="IN4-C51" name="Test1" tests="2" failures="2" timestamp="27 Apr 2019 09:40:20 GMT" time="14.101" errors="0">
  <testcase name="login" time="7.417" classname="testScripts.FullApplicationTestScripts">
    <failure type="java.lang.AssertionError" message="expected [true] but found [false]">
      <![CDATA[java.lang.AssertionError: expected [true] but found [false]
	at testScripts.FullApplicationTestScripts.login(FullApplicationTestScripts.java:53)
... Removed 28 stack frames]]>
    </failure>
  </testcase> <!-- login -->
  <testcase name="verify" time="5.902" classname="testScripts.FullApplicationTestScripts">
    <failure type="java.lang.AssertionError" message="expected [true] but found [false]">
      <![CDATA[java.lang.AssertionError: expected [true] but found [false]
	at testScripts.FullApplicationTestScripts.verify(FullApplicationTestScripts.java:24)
... Removed 28 stack frames]]>
    </failure>
  </testcase> <!-- verify -->
</testsuite> <!-- Test1 -->
